<?xml version="1.0" ?>
<!DOCTYPE coverage SYSTEM "http://cobertura.sourceforge.net/xml/coverage-04.dtd">
<coverage lines-valid="18" lines-covered="5" line-rate="0.2778" branches-valid="6" branches-covered="0" branch-rate="0" timestamp="1546717225333" complexity="0" version="0.1">
  <sources>
    <source>/Users/taavik/git/taxi-booking</source>
  </sources>
  <packages>
    <class name="CoordinateHelper.ts" filename="lib/helper/CoordinateHelper.ts" line-rate="0.2778" branch-rate="0">
      <methods>
        <method name="(anonymous_1)" hits="4" signature="()V">
          <lines>
            <line number="3" hits="4"/>
          </lines>
        </method>
        <method name="(anonymous_2)" hits="0" signature="()V">
          <lines>
            <line number="6" hits="0"/>
          </lines>
        </method>
        <method name="(anonymous_3)" hits="0" signature="()V">
          <lines>
            <line number="28" hits="0"/>
          </lines>
        </method>
      </methods>
      <lines>
        <line number="1" hits="1" branch="false"/>
        <line number="3" hits="1" branch="false"/>
        <line number="4" hits="4" branch="false"/>
        <line number="6" hits="1" branch="false"/>
        <line number="7" hits="0" branch="false"/>
        <line number="8" hits="0" branch="false"/>
        <line number="9" hits="0" branch="false"/>
        <line number="10" hits="0" branch="false"/>
        <line number="12" hits="0" branch="true" condition-coverage="0% (0/2)"/>
        <line number="13" hits="0" branch="false"/>
        <line number="16" hits="0" branch="false"/>
        <line number="17" hits="0" branch="false"/>
        <line number="19" hits="0" branch="true" condition-coverage="0% (0/2)"/>
        <line number="20" hits="0" branch="false"/>
        <line number="22" hits="0" branch="false"/>
        <line number="25" hits="0" branch="false"/>
        <line number="28" hits="1" branch="false"/>
        <line number="29" hits="0" branch="true" condition-coverage="0% (0/2)"/>
      </lines>
    </class>
  </packages>
</coverage>
